[2020-02-10 17:54:57.508] [jointLog] [info] Fragment incompatibility prior below threshold.  Incompatible fragments will be ignored.
[2020-02-10 17:54:57.508] [jointLog] [info] Usage of --validateMappings implies use of minScoreFraction. Since not explicitly specified, it is being set to 0.65
[2020-02-10 17:54:57.508] [jointLog] [info] Usage of --validateMappings implies use of range factorization. rangeFactorizationBins is being set to 4
[2020-02-10 17:54:57.508] [jointLog] [info] Usage of --validateMappings implies a default consensus slack of 1. Setting consensusSlack to 1.
[2020-02-10 17:54:57.508] [jointLog] [info] parsing read library format
[2020-02-10 17:54:57.508] [jointLog] [info] There is 1 library.
[2020-02-10 17:54:57.599] [jointLog] [info] Loading Quasi index
[2020-02-10 17:54:57.599] [jointLog] [info] Loading 32-bit quasi index
[2020-02-10 17:54:58.313] [jointLog] [info] done
[2020-02-10 17:54:58.313] [jointLog] [info] Index contained 34,774 targets
[2020-02-10 17:54:58.688] [jointLog] [info] Thread saw mini-batch with a maximum of 0.04% zero probability fragments
[2020-02-10 17:54:58.719] [jointLog] [info] Thread saw mini-batch with a maximum of 0.02% zero probability fragments
[2020-02-10 17:54:58.742] [jointLog] [info] Thread saw mini-batch with a maximum of 0.04% zero probability fragments
[2020-02-10 17:54:58.745] [jointLog] [info] Thread saw mini-batch with a maximum of 0.02% zero probability fragments
[2020-02-10 17:54:58.757] [jointLog] [info] Thread saw mini-batch with a maximum of 0.04% zero probability fragments
[2020-02-10 17:54:58.778] [jointLog] [info] Computed 10,157 rich equivalence classes for further processing
[2020-02-10 17:54:58.778] [jointLog] [info] Counted 38,735 total reads in the equivalence classes 
[2020-02-10 17:54:58.797] [jointLog] [warning] Only 38735 fragments were mapped, but the number of burn-in fragments was set to 5000000.
The effective lengths have been computed using the observed mappings.

[2020-02-10 17:54:58.797] [jointLog] [info] Mapping rate = 83.9547%

[2020-02-10 17:54:58.797] [jointLog] [info] finished quantifyLibrary()
[2020-02-10 17:54:58.797] [jointLog] [info] Starting optimizer
[2020-02-10 17:54:58.810] [jointLog] [info] Marked 0 weighted equivalence classes as degenerate
[2020-02-10 17:54:58.811] [jointLog] [info] iteration = 0 | max rel diff. = 32.9933
[2020-02-10 17:54:58.875] [jointLog] [info] iteration = 100 | max rel diff. = 0.00365935
[2020-02-10 17:54:58.875] [jointLog] [info] Finished optimizer
[2020-02-10 17:54:58.875] [jointLog] [info] writing output 

[2020-02-10 17:54:58.934] [jointLog] [warning] NOTE: Read Lib [[ /scratch/SampleDataFiles/Paired/Aip25.R1.paired.fastq, /scratch/SampleDataFiles/Paired/Aip25.R2.paired.fastq]] :

Detected a *potential* strand bias > 1% in an unstranded protocol check the file: quant/Aip25/lib_format_counts.json for details

[2020-02-10 17:54:58.779] [fileLog] [info] 
At end of round 0
==================
Observed 46138 total fragments (46138 in most recent round)

