[2020-02-10 17:54:28.660] [jointLog] [info] Fragment incompatibility prior below threshold.  Incompatible fragments will be ignored.
[2020-02-10 17:54:28.660] [jointLog] [info] Usage of --validateMappings implies use of minScoreFraction. Since not explicitly specified, it is being set to 0.65
[2020-02-10 17:54:28.660] [jointLog] [info] Usage of --validateMappings implies use of range factorization. rangeFactorizationBins is being set to 4
[2020-02-10 17:54:28.660] [jointLog] [info] Usage of --validateMappings implies a default consensus slack of 1. Setting consensusSlack to 1.
[2020-02-10 17:54:28.660] [jointLog] [info] parsing read library format
[2020-02-10 17:54:28.660] [jointLog] [info] There is 1 library.
[2020-02-10 17:54:28.740] [jointLog] [info] Loading Quasi index
[2020-02-10 17:54:28.740] [jointLog] [info] Loading 32-bit quasi index
[2020-02-10 17:54:29.449] [jointLog] [info] done
[2020-02-10 17:54:29.449] [jointLog] [info] Index contained 34,774 targets
[2020-02-10 17:54:29.836] [jointLog] [info] Thread saw mini-batch with a maximum of 0.06% zero probability fragments
[2020-02-10 17:54:29.839] [jointLog] [info] Thread saw mini-batch with a maximum of 0.10% zero probability fragments
[2020-02-10 17:54:29.843] [jointLog] [info] Thread saw mini-batch with a maximum of 0.02% zero probability fragments
[2020-02-10 17:54:29.843] [jointLog] [info] Thread saw mini-batch with a maximum of 0.06% zero probability fragments
[2020-02-10 17:54:29.848] [jointLog] [info] Thread saw mini-batch with a maximum of 0.02% zero probability fragments
[2020-02-10 17:54:29.873] [jointLog] [info] Computed 9,098 rich equivalence classes for further processing
[2020-02-10 17:54:29.873] [jointLog] [info] Counted 28,311 total reads in the equivalence classes 
[2020-02-10 17:54:29.892] [jointLog] [warning] Only 28311 fragments were mapped, but the number of burn-in fragments was set to 5000000.
The effective lengths have been computed using the observed mappings.

[2020-02-10 17:54:29.892] [jointLog] [info] Mapping rate = 82.1204%

[2020-02-10 17:54:29.892] [jointLog] [info] finished quantifyLibrary()
[2020-02-10 17:54:29.893] [jointLog] [info] Starting optimizer
[2020-02-10 17:54:29.906] [jointLog] [info] Marked 0 weighted equivalence classes as degenerate
[2020-02-10 17:54:29.911] [jointLog] [info] iteration = 0 | max rel diff. = 40.0824
[2020-02-10 17:54:29.974] [jointLog] [info] iteration = 100 | max rel diff. = 0.00185128
[2020-02-10 17:54:29.975] [jointLog] [info] Finished optimizer
[2020-02-10 17:54:29.975] [jointLog] [info] writing output 

[2020-02-10 17:54:30.031] [jointLog] [warning] NOTE: Read Lib [[ /scratch/SampleDataFiles/Paired/Aip05.R1.paired.fastq, /scratch/SampleDataFiles/Paired/Aip05.R2.paired.fastq]] :

Detected a *potential* strand bias > 1% in an unstranded protocol check the file: quant/Aip05/lib_format_counts.json for details

[2020-02-10 17:54:29.874] [fileLog] [info] 
At end of round 0
==================
Observed 34475 total fragments (34475 in most recent round)

