[2020-02-10 17:54:59.738] [jointLog] [info] Fragment incompatibility prior below threshold.  Incompatible fragments will be ignored.
[2020-02-10 17:54:59.738] [jointLog] [info] Usage of --validateMappings implies use of minScoreFraction. Since not explicitly specified, it is being set to 0.65
[2020-02-10 17:54:59.738] [jointLog] [info] Usage of --validateMappings implies use of range factorization. rangeFactorizationBins is being set to 4
[2020-02-10 17:54:59.738] [jointLog] [info] Usage of --validateMappings implies a default consensus slack of 1. Setting consensusSlack to 1.
[2020-02-10 17:54:59.738] [jointLog] [info] parsing read library format
[2020-02-10 17:54:59.738] [jointLog] [info] There is 1 library.
[2020-02-10 17:54:59.833] [jointLog] [info] Loading Quasi index
[2020-02-10 17:54:59.833] [jointLog] [info] Loading 32-bit quasi index
[2020-02-10 17:55:00.535] [jointLog] [info] done
[2020-02-10 17:55:00.535] [jointLog] [info] Index contained 34,774 targets
[2020-02-10 17:55:00.916] [jointLog] [info] Thread saw mini-batch with a maximum of 0.06% zero probability fragments
[2020-02-10 17:55:00.926] [jointLog] [info] Thread saw mini-batch with a maximum of 0.02% zero probability fragments
[2020-02-10 17:55:00.935] [jointLog] [info] Thread saw mini-batch with a maximum of 0.06% zero probability fragments
[2020-02-10 17:55:00.937] [jointLog] [info] Thread saw mini-batch with a maximum of 0.04% zero probability fragments
[2020-02-10 17:55:00.942] [jointLog] [info] Thread saw mini-batch with a maximum of 0.02% zero probability fragments
[2020-02-10 17:55:00.978] [jointLog] [info] Computed 8,780 rich equivalence classes for further processing
[2020-02-10 17:55:00.978] [jointLog] [info] Counted 27,382 total reads in the equivalence classes 
[2020-02-10 17:55:00.999] [jointLog] [warning] Only 27382 fragments were mapped, but the number of burn-in fragments was set to 5000000.
The effective lengths have been computed using the observed mappings.

[2020-02-10 17:55:00.999] [jointLog] [info] Mapping rate = 82.5157%

[2020-02-10 17:55:00.999] [jointLog] [info] finished quantifyLibrary()
[2020-02-10 17:55:01.000] [jointLog] [info] Starting optimizer
[2020-02-10 17:55:01.012] [jointLog] [info] Marked 0 weighted equivalence classes as degenerate
[2020-02-10 17:55:01.013] [jointLog] [info] iteration = 0 | max rel diff. = 31.9921
[2020-02-10 17:55:01.073] [jointLog] [info] iteration = 100 | max rel diff. = 0.00433792
[2020-02-10 17:55:01.073] [jointLog] [info] Finished optimizer
[2020-02-10 17:55:01.073] [jointLog] [info] writing output 

[2020-02-10 17:55:01.129] [jointLog] [warning] NOTE: Read Lib [[ /scratch/SampleDataFiles/Paired/Aip26.R1.paired.fastq, /scratch/SampleDataFiles/Paired/Aip26.R2.paired.fastq]] :

Detected a *potential* strand bias > 1% in an unstranded protocol check the file: quant/Aip26/lib_format_counts.json for details

[2020-02-10 17:55:00.978] [fileLog] [info] 
At end of round 0
==================
Observed 33184 total fragments (33184 in most recent round)

