[2020-02-10 17:54:48.599] [jointLog] [info] Fragment incompatibility prior below threshold.  Incompatible fragments will be ignored.
[2020-02-10 17:54:48.599] [jointLog] [info] Usage of --validateMappings implies use of minScoreFraction. Since not explicitly specified, it is being set to 0.65
[2020-02-10 17:54:48.599] [jointLog] [info] Usage of --validateMappings implies use of range factorization. rangeFactorizationBins is being set to 4
[2020-02-10 17:54:48.599] [jointLog] [info] Usage of --validateMappings implies a default consensus slack of 1. Setting consensusSlack to 1.
[2020-02-10 17:54:48.599] [jointLog] [info] parsing read library format
[2020-02-10 17:54:48.599] [jointLog] [info] There is 1 library.
[2020-02-10 17:54:48.695] [jointLog] [info] Loading Quasi index
[2020-02-10 17:54:48.695] [jointLog] [info] Loading 32-bit quasi index
[2020-02-10 17:54:49.445] [jointLog] [info] done
[2020-02-10 17:54:49.445] [jointLog] [info] Index contained 34,774 targets
[2020-02-10 17:54:49.825] [jointLog] [info] Thread saw mini-batch with a maximum of 0.09% zero probability fragments
[2020-02-10 17:54:49.842] [jointLog] [info] Thread saw mini-batch with a maximum of 0.02% zero probability fragments
[2020-02-10 17:54:49.862] [jointLog] [info] Thread saw mini-batch with a maximum of 0.02% zero probability fragments
[2020-02-10 17:54:49.872] [jointLog] [info] Thread saw mini-batch with a maximum of 0.08% zero probability fragments
[2020-02-10 17:54:49.879] [jointLog] [info] Thread saw mini-batch with a maximum of 0.04% zero probability fragments
[2020-02-10 17:54:49.887] [jointLog] [info] Thread saw mini-batch with a maximum of 0.06% zero probability fragments
[2020-02-10 17:54:49.890] [jointLog] [info] Thread saw mini-batch with a maximum of 0.08% zero probability fragments
[2020-02-10 17:54:49.895] [jointLog] [info] Thread saw mini-batch with a maximum of 0.04% zero probability fragments
[2020-02-10 17:54:49.920] [jointLog] [info] Computed 10,100 rich equivalence classes for further processing
[2020-02-10 17:54:49.920] [jointLog] [info] Counted 31,469 total reads in the equivalence classes 
[2020-02-10 17:54:49.939] [jointLog] [warning] Only 31469 fragments were mapped, but the number of burn-in fragments was set to 5000000.
The effective lengths have been computed using the observed mappings.

[2020-02-10 17:54:49.939] [jointLog] [info] Mapping rate = 74.5111%

[2020-02-10 17:54:49.939] [jointLog] [info] finished quantifyLibrary()
[2020-02-10 17:54:49.939] [jointLog] [info] Starting optimizer
[2020-02-10 17:54:49.951] [jointLog] [info] Marked 0 weighted equivalence classes as degenerate
[2020-02-10 17:54:49.953] [jointLog] [info] iteration = 0 | max rel diff. = 47.645
[2020-02-10 17:54:50.013] [jointLog] [info] iteration = 100 | max rel diff. = 0.00769469
[2020-02-10 17:54:50.013] [jointLog] [info] Finished optimizer
[2020-02-10 17:54:50.013] [jointLog] [info] writing output 

[2020-02-10 17:54:50.068] [jointLog] [warning] NOTE: Read Lib [[ /scratch/SampleDataFiles/Paired/Aip20.R1.paired.fastq, /scratch/SampleDataFiles/Paired/Aip20.R2.paired.fastq]] :

Detected a *potential* strand bias > 1% in an unstranded protocol check the file: quant/Aip20/lib_format_counts.json for details

[2020-02-10 17:54:49.920] [fileLog] [info] 
At end of round 0
==================
Observed 42234 total fragments (42234 in most recent round)

