[2020-02-10 17:54:32.994] [jointLog] [info] Fragment incompatibility prior below threshold.  Incompatible fragments will be ignored.
[2020-02-10 17:54:32.995] [jointLog] [info] Usage of --validateMappings implies use of minScoreFraction. Since not explicitly specified, it is being set to 0.65
[2020-02-10 17:54:32.995] [jointLog] [info] Usage of --validateMappings implies use of range factorization. rangeFactorizationBins is being set to 4
[2020-02-10 17:54:32.995] [jointLog] [info] Usage of --validateMappings implies a default consensus slack of 1. Setting consensusSlack to 1.
[2020-02-10 17:54:32.995] [jointLog] [info] parsing read library format
[2020-02-10 17:54:32.995] [jointLog] [info] There is 1 library.
[2020-02-10 17:54:33.097] [jointLog] [info] Loading Quasi index
[2020-02-10 17:54:33.097] [jointLog] [info] Loading 32-bit quasi index
[2020-02-10 17:54:33.850] [jointLog] [info] done
[2020-02-10 17:54:33.850] [jointLog] [info] Index contained 34,774 targets
[2020-02-10 17:54:34.257] [jointLog] [info] Thread saw mini-batch with a maximum of 0.04% zero probability fragments
[2020-02-10 17:54:34.260] [jointLog] [info] Thread saw mini-batch with a maximum of 0.04% zero probability fragments
[2020-02-10 17:54:34.275] [jointLog] [info] Thread saw mini-batch with a maximum of 0.02% zero probability fragments
[2020-02-10 17:54:34.283] [jointLog] [info] Thread saw mini-batch with a maximum of 0.02% zero probability fragments
[2020-02-10 17:54:34.284] [jointLog] [info] Thread saw mini-batch with a maximum of 0.10% zero probability fragments
[2020-02-10 17:54:34.295] [jointLog] [info] Thread saw mini-batch with a maximum of 0.02% zero probability fragments
[2020-02-10 17:54:34.315] [jointLog] [info] Thread saw mini-batch with a maximum of 0.02% zero probability fragments
[2020-02-10 17:54:34.339] [jointLog] [info] Computed 10,341 rich equivalence classes for further processing
[2020-02-10 17:54:34.339] [jointLog] [info] Counted 33,152 total reads in the equivalence classes 
[2020-02-10 17:54:34.358] [jointLog] [warning] Only 33152 fragments were mapped, but the number of burn-in fragments was set to 5000000.
The effective lengths have been computed using the observed mappings.

[2020-02-10 17:54:34.358] [jointLog] [info] Mapping rate = 82.8572%

[2020-02-10 17:54:34.358] [jointLog] [info] finished quantifyLibrary()
[2020-02-10 17:54:34.358] [jointLog] [info] Starting optimizer
[2020-02-10 17:54:34.370] [jointLog] [info] Marked 0 weighted equivalence classes as degenerate
[2020-02-10 17:54:34.372] [jointLog] [info] iteration = 0 | max rel diff. = 13.2824
[2020-02-10 17:54:34.429] [jointLog] [info] iteration = 100 | max rel diff. = 0.00330909
[2020-02-10 17:54:34.430] [jointLog] [info] Finished optimizer
[2020-02-10 17:54:34.430] [jointLog] [info] writing output 

[2020-02-10 17:54:34.485] [jointLog] [warning] NOTE: Read Lib [[ /scratch/SampleDataFiles/Paired/Aip12.R1.paired.fastq, /scratch/SampleDataFiles/Paired/Aip12.R2.paired.fastq]] :

Detected a *potential* strand bias > 1% in an unstranded protocol check the file: quant/Aip12/lib_format_counts.json for details

[2020-02-10 17:54:34.339] [fileLog] [info] 
At end of round 0
==================
Observed 40011 total fragments (40011 in most recent round)

