[2020-02-10 17:54:35.227] [jointLog] [info] Fragment incompatibility prior below threshold.  Incompatible fragments will be ignored.
[2020-02-10 17:54:35.227] [jointLog] [info] Usage of --validateMappings implies use of minScoreFraction. Since not explicitly specified, it is being set to 0.65
[2020-02-10 17:54:35.227] [jointLog] [info] Usage of --validateMappings implies use of range factorization. rangeFactorizationBins is being set to 4
[2020-02-10 17:54:35.227] [jointLog] [info] Usage of --validateMappings implies a default consensus slack of 1. Setting consensusSlack to 1.
[2020-02-10 17:54:35.227] [jointLog] [info] parsing read library format
[2020-02-10 17:54:35.227] [jointLog] [info] There is 1 library.
[2020-02-10 17:54:35.331] [jointLog] [info] Loading Quasi index
[2020-02-10 17:54:35.331] [jointLog] [info] Loading 32-bit quasi index
[2020-02-10 17:54:36.067] [jointLog] [info] done
[2020-02-10 17:54:36.067] [jointLog] [info] Index contained 34,774 targets
[2020-02-10 17:54:36.457] [jointLog] [info] Thread saw mini-batch with a maximum of 0.06% zero probability fragments
[2020-02-10 17:54:36.485] [jointLog] [info] Thread saw mini-batch with a maximum of 0.06% zero probability fragments
[2020-02-10 17:54:36.494] [jointLog] [info] Thread saw mini-batch with a maximum of 0.06% zero probability fragments
[2020-02-10 17:54:36.498] [jointLog] [info] Thread saw mini-batch with a maximum of 0.02% zero probability fragments
[2020-02-10 17:54:36.509] [jointLog] [info] Thread saw mini-batch with a maximum of 0.08% zero probability fragments
[2020-02-10 17:54:36.513] [jointLog] [info] Thread saw mini-batch with a maximum of 0.04% zero probability fragments
[2020-02-10 17:54:36.530] [jointLog] [info] Thread saw mini-batch with a maximum of 0.08% zero probability fragments
[2020-02-10 17:54:36.549] [jointLog] [info] Thread saw mini-batch with a maximum of 0.04% zero probability fragments
[2020-02-10 17:54:36.550] [jointLog] [info] Thread saw mini-batch with a maximum of 0.10% zero probability fragments
[2020-02-10 17:54:36.550] [jointLog] [info] Thread saw mini-batch with a maximum of 0.02% zero probability fragments
[2020-02-10 17:54:36.553] [jointLog] [info] Thread saw mini-batch with a maximum of 0.06% zero probability fragments
[2020-02-10 17:54:36.592] [jointLog] [info] Computed 13,464 rich equivalence classes for further processing
[2020-02-10 17:54:36.592] [jointLog] [info] Counted 49,503 total reads in the equivalence classes 
[2020-02-10 17:54:36.615] [jointLog] [warning] Only 49503 fragments were mapped, but the number of burn-in fragments was set to 5000000.
The effective lengths have been computed using the observed mappings.

[2020-02-10 17:54:36.615] [jointLog] [info] Mapping rate = 82.81%

[2020-02-10 17:54:36.615] [jointLog] [info] finished quantifyLibrary()
[2020-02-10 17:54:36.616] [jointLog] [info] Starting optimizer
[2020-02-10 17:54:36.628] [jointLog] [info] Marked 0 weighted equivalence classes as degenerate
[2020-02-10 17:54:36.630] [jointLog] [info] iteration = 0 | max rel diff. = 64.4984
[2020-02-10 17:54:36.700] [jointLog] [info] iteration = 100 | max rel diff. = 0.0173473
[2020-02-10 17:54:36.731] [jointLog] [info] iteration = 148 | max rel diff. = 0.00313977
[2020-02-10 17:54:36.731] [jointLog] [info] Finished optimizer
[2020-02-10 17:54:36.731] [jointLog] [info] writing output 

[2020-02-10 17:54:36.788] [jointLog] [warning] NOTE: Read Lib [[ /scratch/SampleDataFiles/Paired/Aip13.R1.paired.fastq, /scratch/SampleDataFiles/Paired/Aip13.R2.paired.fastq]] :

Detected a *potential* strand bias > 1% in an unstranded protocol check the file: quant/Aip13/lib_format_counts.json for details

[2020-02-10 17:54:36.593] [fileLog] [info] 
At end of round 0
==================
Observed 59779 total fragments (59779 in most recent round)

