[2020-02-10 17:55:17.550] [jointLog] [info] Fragment incompatibility prior below threshold.  Incompatible fragments will be ignored.
[2020-02-10 17:55:17.550] [jointLog] [info] Usage of --validateMappings implies use of minScoreFraction. Since not explicitly specified, it is being set to 0.65
[2020-02-10 17:55:17.550] [jointLog] [info] Usage of --validateMappings implies use of range factorization. rangeFactorizationBins is being set to 4
[2020-02-10 17:55:17.550] [jointLog] [info] Usage of --validateMappings implies a default consensus slack of 1. Setting consensusSlack to 1.
[2020-02-10 17:55:17.550] [jointLog] [info] parsing read library format
[2020-02-10 17:55:17.550] [jointLog] [info] There is 1 library.
[2020-02-10 17:55:17.623] [jointLog] [info] Loading Quasi index
[2020-02-10 17:55:17.623] [jointLog] [info] Loading 32-bit quasi index
[2020-02-10 17:55:18.304] [jointLog] [info] done
[2020-02-10 17:55:18.305] [jointLog] [info] Index contained 34,774 targets
[2020-02-10 17:55:18.738] [fileLog] [info] 
At end of round 0
==================
Observed 40261 total fragments (40261 in most recent round)

[2020-02-10 17:55:18.641] [jointLog] [info] Thread saw mini-batch with a maximum of 0.06% zero probability fragments
[2020-02-10 17:55:18.645] [jointLog] [info] Thread saw mini-batch with a maximum of 0.06% zero probability fragments
[2020-02-10 17:55:18.658] [jointLog] [info] Thread saw mini-batch with a maximum of 0.04% zero probability fragments
[2020-02-10 17:55:18.665] [jointLog] [info] Thread saw mini-batch with a maximum of 0.02% zero probability fragments
[2020-02-10 17:55:18.670] [jointLog] [info] Thread saw mini-batch with a maximum of 0.04% zero probability fragments
[2020-02-10 17:55:18.689] [jointLog] [info] Thread saw mini-batch with a maximum of 0.06% zero probability fragments
[2020-02-10 17:55:18.691] [jointLog] [info] Thread saw mini-batch with a maximum of 0.04% zero probability fragments
[2020-02-10 17:55:18.737] [jointLog] [info] Computed 9,564 rich equivalence classes for further processing
[2020-02-10 17:55:18.737] [jointLog] [info] Counted 34,481 total reads in the equivalence classes 
[2020-02-10 17:55:18.757] [jointLog] [warning] Only 34481 fragments were mapped, but the number of burn-in fragments was set to 5000000.
The effective lengths have been computed using the observed mappings.

[2020-02-10 17:55:18.757] [jointLog] [info] Mapping rate = 85.6437%

[2020-02-10 17:55:18.757] [jointLog] [info] finished quantifyLibrary()
[2020-02-10 17:55:18.757] [jointLog] [info] Starting optimizer
[2020-02-10 17:55:18.769] [jointLog] [info] Marked 0 weighted equivalence classes as degenerate
[2020-02-10 17:55:18.770] [jointLog] [info] iteration = 0 | max rel diff. = 60.2961
[2020-02-10 17:55:18.836] [jointLog] [info] iteration = 100 | max rel diff. = 9.25601
[2020-02-10 17:55:18.846] [jointLog] [info] iteration = 118 | max rel diff. = 0.00137154
[2020-02-10 17:55:18.847] [jointLog] [info] Finished optimizer
[2020-02-10 17:55:18.847] [jointLog] [info] writing output 

[2020-02-10 17:55:18.910] [jointLog] [warning] NOTE: Read Lib [[ /scratch/SampleDataFiles/Paired/Aip36.R1.paired.fastq, /scratch/SampleDataFiles/Paired/Aip36.R2.paired.fastq]] :

Detected a *potential* strand bias > 1% in an unstranded protocol check the file: quant/Aip36/lib_format_counts.json for details

