[2020-02-10 17:54:55.336] [jointLog] [info] Fragment incompatibility prior below threshold.  Incompatible fragments will be ignored.
[2020-02-10 17:54:55.336] [jointLog] [info] Usage of --validateMappings implies use of minScoreFraction. Since not explicitly specified, it is being set to 0.65
[2020-02-10 17:54:55.336] [jointLog] [info] Usage of --validateMappings implies use of range factorization. rangeFactorizationBins is being set to 4
[2020-02-10 17:54:55.336] [jointLog] [info] Usage of --validateMappings implies a default consensus slack of 1. Setting consensusSlack to 1.
[2020-02-10 17:54:55.336] [jointLog] [info] parsing read library format
[2020-02-10 17:54:55.336] [jointLog] [info] There is 1 library.
[2020-02-10 17:54:55.427] [jointLog] [info] Loading Quasi index
[2020-02-10 17:54:55.427] [jointLog] [info] Loading 32-bit quasi index
[2020-02-10 17:54:56.120] [jointLog] [info] done
[2020-02-10 17:54:56.120] [jointLog] [info] Index contained 34,774 targets
[2020-02-10 17:54:56.486] [jointLog] [info] Thread saw mini-batch with a maximum of 0.08% zero probability fragments
[2020-02-10 17:54:56.498] [jointLog] [info] Thread saw mini-batch with a maximum of 0.02% zero probability fragments
[2020-02-10 17:54:56.510] [jointLog] [info] Thread saw mini-batch with a maximum of 0.04% zero probability fragments
[2020-02-10 17:54:56.521] [jointLog] [info] Thread saw mini-batch with a maximum of 0.06% zero probability fragments
[2020-02-10 17:54:56.524] [jointLog] [info] Thread saw mini-batch with a maximum of 0.04% zero probability fragments
[2020-02-10 17:54:56.553] [jointLog] [info] Computed 8,066 rich equivalence classes for further processing
[2020-02-10 17:54:56.553] [jointLog] [info] Counted 28,693 total reads in the equivalence classes 
[2020-02-10 17:54:56.582] [jointLog] [warning] Only 28693 fragments were mapped, but the number of burn-in fragments was set to 5000000.
The effective lengths have been computed using the observed mappings.

[2020-02-10 17:54:56.582] [jointLog] [info] Mapping rate = 85.2892%

[2020-02-10 17:54:56.582] [jointLog] [info] finished quantifyLibrary()
[2020-02-10 17:54:56.582] [jointLog] [info] Starting optimizer
[2020-02-10 17:54:56.598] [jointLog] [info] Marked 0 weighted equivalence classes as degenerate
[2020-02-10 17:54:56.600] [jointLog] [info] iteration = 0 | max rel diff. = 67.168
[2020-02-10 17:54:56.655] [jointLog] [info] iteration = 100 | max rel diff. = 0.00309931
[2020-02-10 17:54:56.656] [jointLog] [info] Finished optimizer
[2020-02-10 17:54:56.656] [jointLog] [info] writing output 

[2020-02-10 17:54:56.711] [jointLog] [warning] NOTE: Read Lib [[ /scratch/SampleDataFiles/Paired/Aip24.R1.paired.fastq, /scratch/SampleDataFiles/Paired/Aip24.R2.paired.fastq]] :

Detected a *potential* strand bias > 1% in an unstranded protocol check the file: quant/Aip24/lib_format_counts.json for details

[2020-02-10 17:54:56.554] [fileLog] [info] 
At end of round 0
==================
Observed 33642 total fragments (33642 in most recent round)

