[2020-02-10 17:55:01.966] [jointLog] [info] Fragment incompatibility prior below threshold.  Incompatible fragments will be ignored.
[2020-02-10 17:55:01.966] [jointLog] [info] Usage of --validateMappings implies use of minScoreFraction. Since not explicitly specified, it is being set to 0.65
[2020-02-10 17:55:01.966] [jointLog] [info] Usage of --validateMappings implies use of range factorization. rangeFactorizationBins is being set to 4
[2020-02-10 17:55:01.966] [jointLog] [info] Usage of --validateMappings implies a default consensus slack of 1. Setting consensusSlack to 1.
[2020-02-10 17:55:01.966] [jointLog] [info] parsing read library format
[2020-02-10 17:55:01.966] [jointLog] [info] There is 1 library.
[2020-02-10 17:55:02.068] [jointLog] [info] Loading Quasi index
[2020-02-10 17:55:02.068] [jointLog] [info] Loading 32-bit quasi index
[2020-02-10 17:55:02.843] [jointLog] [info] done
[2020-02-10 17:55:02.843] [jointLog] [info] Index contained 34,774 targets
[2020-02-10 17:55:03.198] [jointLog] [info] Thread saw mini-batch with a maximum of 0.08% zero probability fragments
[2020-02-10 17:55:03.221] [jointLog] [info] Thread saw mini-batch with a maximum of 0.04% zero probability fragments
[2020-02-10 17:55:03.224] [jointLog] [info] Thread saw mini-batch with a maximum of 0.04% zero probability fragments
[2020-02-10 17:55:03.251] [jointLog] [info] Computed 7,363 rich equivalence classes for further processing
[2020-02-10 17:55:03.251] [jointLog] [info] Counted 22,458 total reads in the equivalence classes 
[2020-02-10 17:55:03.269] [jointLog] [warning] Only 22458 fragments were mapped, but the number of burn-in fragments was set to 5000000.
The effective lengths have been computed using the observed mappings.

[2020-02-10 17:55:03.269] [jointLog] [info] Mapping rate = 75.0577%

[2020-02-10 17:55:03.269] [jointLog] [info] finished quantifyLibrary()
[2020-02-10 17:55:03.270] [jointLog] [info] Starting optimizer
[2020-02-10 17:55:03.281] [jointLog] [info] Marked 0 weighted equivalence classes as degenerate
[2020-02-10 17:55:03.282] [jointLog] [info] iteration = 0 | max rel diff. = 6.81389
[2020-02-10 17:55:03.338] [jointLog] [info] iteration = 100 | max rel diff. = 0.0138859
[2020-02-10 17:55:03.374] [jointLog] [info] iteration = 171 | max rel diff. = 0.003357
[2020-02-10 17:55:03.375] [jointLog] [info] Finished optimizer
[2020-02-10 17:55:03.375] [jointLog] [info] writing output 

[2020-02-10 17:55:03.431] [jointLog] [warning] NOTE: Read Lib [[ /scratch/SampleDataFiles/Paired/Aip28.R1.paired.fastq, /scratch/SampleDataFiles/Paired/Aip28.R2.paired.fastq]] :

Detected a *potential* strand bias > 1% in an unstranded protocol check the file: quant/Aip28/lib_format_counts.json for details

[2020-02-10 17:55:03.251] [fileLog] [info] 
At end of round 0
==================
Observed 29921 total fragments (29921 in most recent round)

