[2020-02-10 17:54:50.852] [jointLog] [info] Fragment incompatibility prior below threshold.  Incompatible fragments will be ignored.
[2020-02-10 17:54:50.852] [jointLog] [info] Usage of --validateMappings implies use of minScoreFraction. Since not explicitly specified, it is being set to 0.65
[2020-02-10 17:54:50.852] [jointLog] [info] Usage of --validateMappings implies use of range factorization. rangeFactorizationBins is being set to 4
[2020-02-10 17:54:50.852] [jointLog] [info] Usage of --validateMappings implies a default consensus slack of 1. Setting consensusSlack to 1.
[2020-02-10 17:54:50.852] [jointLog] [info] parsing read library format
[2020-02-10 17:54:50.852] [jointLog] [info] There is 1 library.
[2020-02-10 17:54:50.930] [jointLog] [info] Loading Quasi index
[2020-02-10 17:54:50.930] [jointLog] [info] Loading 32-bit quasi index
[2020-02-10 17:54:51.669] [jointLog] [info] done
[2020-02-10 17:54:51.669] [jointLog] [info] Index contained 34,774 targets
[2020-02-10 17:54:51.998] [jointLog] [info] Thread saw mini-batch with a maximum of 0.17% zero probability fragments
[2020-02-10 17:54:52.044] [jointLog] [info] Thread saw mini-batch with a maximum of 0.02% zero probability fragments
[2020-02-10 17:54:52.062] [jointLog] [info] Thread saw mini-batch with a maximum of 0.02% zero probability fragments
[2020-02-10 17:54:52.072] [jointLog] [info] Thread saw mini-batch with a maximum of 0.12% zero probability fragments
[2020-02-10 17:54:52.077] [jointLog] [info] Thread saw mini-batch with a maximum of 0.10% zero probability fragments
[2020-02-10 17:54:52.083] [jointLog] [info] Thread saw mini-batch with a maximum of 0.04% zero probability fragments
[2020-02-10 17:54:52.084] [jointLog] [info] Thread saw mini-batch with a maximum of 0.04% zero probability fragments
[2020-02-10 17:54:52.100] [jointLog] [info] Thread saw mini-batch with a maximum of 0.04% zero probability fragments
[2020-02-10 17:54:52.102] [jointLog] [info] Thread saw mini-batch with a maximum of 0.02% zero probability fragments
[2020-02-10 17:54:52.108] [jointLog] [info] Thread saw mini-batch with a maximum of 0.02% zero probability fragments
[2020-02-10 17:54:52.110] [jointLog] [info] Thread saw mini-batch with a maximum of 0.10% zero probability fragments
[2020-02-10 17:54:52.138] [jointLog] [info] Computed 12,240 rich equivalence classes for further processing
[2020-02-10 17:54:52.138] [jointLog] [info] Counted 45,706 total reads in the equivalence classes 
[2020-02-10 17:54:52.160] [jointLog] [warning] Only 45706 fragments were mapped, but the number of burn-in fragments was set to 5000000.
The effective lengths have been computed using the observed mappings.

[2020-02-10 17:54:52.160] [jointLog] [info] Mapping rate = 82.211%

[2020-02-10 17:54:52.160] [jointLog] [info] finished quantifyLibrary()
[2020-02-10 17:54:52.164] [jointLog] [info] Starting optimizer
[2020-02-10 17:54:52.173] [jointLog] [info] Marked 0 weighted equivalence classes as degenerate
[2020-02-10 17:54:52.174] [jointLog] [info] iteration = 0 | max rel diff. = 88.7239
[2020-02-10 17:54:52.246] [jointLog] [info] iteration = 100 | max rel diff. = 0.0520731
[2020-02-10 17:54:52.255] [jointLog] [info] iteration = 116 | max rel diff. = 0.00457106
[2020-02-10 17:54:52.256] [jointLog] [info] Finished optimizer
[2020-02-10 17:54:52.256] [jointLog] [info] writing output 

[2020-02-10 17:54:52.311] [jointLog] [warning] NOTE: Read Lib [[ /scratch/SampleDataFiles/Paired/Aip21.R1.paired.fastq, /scratch/SampleDataFiles/Paired/Aip21.R2.paired.fastq]] :

Detected a *potential* strand bias > 1% in an unstranded protocol check the file: quant/Aip21/lib_format_counts.json for details

[2020-02-10 17:54:52.139] [fileLog] [info] 
At end of round 0
==================
Observed 55596 total fragments (55596 in most recent round)

